\BOOKMARK [0][-]{chapter.1}{Introducing Fusion Reactors}{}% 1
\BOOKMARK [1][-]{section.1.1}{Treating Fusion as a Science}{chapter.1}% 2
\BOOKMARK [1][-]{section.1.2}{Treating Fusion as a Business}{chapter.1}% 3
\BOOKMARK [1][-]{section.1.3}{Pricing a Fusion Reactor}{chapter.1}% 4
\BOOKMARK [1][-]{section.1.4}{Modeling a Fusion Reactor}{chapter.1}% 5
\BOOKMARK [0][-]{chapter.2}{Designing a Steady-State Tokamak}{}% 6
\BOOKMARK [1][-]{section.2.1}{Defining Plasma Parameters}{chapter.2}% 7
\BOOKMARK [2][-]{subsection.2.1.1}{Understanding Tokamak Geometry}{section.2.1}% 8
\BOOKMARK [2][-]{subsection.2.1.2}{Prescribing Plasma Profiles}{section.2.1}% 9
\BOOKMARK [1][-]{section.2.2}{Solving the Steady Current}{chapter.2}% 10
\BOOKMARK [2][-]{subsection.2.2.1}{Enforcing the Greenwald Density Limit}{section.2.2}% 11
\BOOKMARK [2][-]{subsection.2.2.2}{Declaring the Bootstrap Current}{section.2.2}% 12
\BOOKMARK [2][-]{subsection.2.2.3}{Deriving the Fusion Power}{section.2.2}% 13
\BOOKMARK [2][-]{subsection.2.2.4}{Using Current Drive}{section.2.2}% 14
\BOOKMARK [2][-]{subsection.2.2.5}{Completing the Steady Current}{section.2.2}% 15
\BOOKMARK [1][-]{section.2.3}{Handling Current Drive Self-Consistently}{chapter.2}% 16
\BOOKMARK [0][-]{chapter.3}{Formalizing the Fusion Systems Model}{}% 17
\BOOKMARK [1][-]{section.3.1}{Explaining Fixed Variables}{chapter.3}% 18
\BOOKMARK [1][-]{section.3.2}{Connecting Floating Variables}{chapter.3}% 19
\BOOKMARK [1][-]{section.3.3}{Enforcing Power Balance}{chapter.3}% 20
\BOOKMARK [2][-]{subsection.3.3.1}{Collecting Power Sources}{section.3.3}% 21
\BOOKMARK [2][-]{subsection.3.3.2}{Approximating Radiation Losses}{section.3.3}% 22
\BOOKMARK [2][-]{subsection.3.3.3}{Estimating Heat Conduction Losses}{section.3.3}% 23
\BOOKMARK [2][-]{subsection.3.3.4}{Writing the Lawson Criterion}{section.3.3}% 24
\BOOKMARK [2][-]{subsection.3.3.5}{Finalizing the Primary Constraint}{section.3.3}% 25
\BOOKMARK [2][-]{subsection.3.3.6}{Exploring the Freidberg Criterion}{section.3.3}% 26
\BOOKMARK [1][-]{section.3.4}{Collecting Secondary Constraints}{chapter.3}% 27
\BOOKMARK [2][-]{subsection.3.4.1}{Introducing the Beta Limit}{section.3.4}% 28
\BOOKMARK [2][-]{subsection.3.4.2}{Giving the Kink Safety Factor}{section.3.4}% 29
\BOOKMARK [2][-]{subsection.3.4.3}{Working under the Wall Loading Limit}{section.3.4}% 30
\BOOKMARK [2][-]{subsection.3.4.4}{Setting a Maximum Power Cap}{section.3.4}% 31
\BOOKMARK [2][-]{subsection.3.4.5}{Listing the Heat Loading Limit}{section.3.4}% 32
\BOOKMARK [1][-]{section.3.5}{Summarizing the Fusion Systems Model}{chapter.3}% 33
\BOOKMARK [0][-]{chapter.4}{Designing a Pulsed Tokamak}{}% 34
\BOOKMARK [1][-]{section.4.1}{Modeling Plasmas as Circuits}{chapter.4}% 35
\BOOKMARK [2][-]{subsection.4.1.1}{Drawing the Circuit Diagram}{section.4.1}% 36
\BOOKMARK [2][-]{subsection.4.1.2}{Plotting Pulse Profiles}{section.4.1}% 37
\BOOKMARK [2][-]{subsection.4.1.3}{Specifying Circuit Variables}{section.4.1}% 38
\BOOKMARK [2][-]{subsection.4.1.4}{Reasoning the Pulse Length}{section.4.1}% 39
\BOOKMARK [1][-]{section.4.2}{Salvaging Flux Balance}{chapter.4}% 40
\BOOKMARK [2][-]{subsection.4.2.1}{Rearranging the Circuit Equation}{section.4.2}% 41
\BOOKMARK [2][-]{subsection.4.2.2}{Importing Poloidal Field Coils}{section.4.2}% 42
\BOOKMARK [1][-]{section.4.3}{Improving Tokamak Geometry}{chapter.4}% 43
\BOOKMARK [2][-]{subsection.4.3.1}{Defining Central Solenoid Dimensions}{section.4.3}% 44
\BOOKMARK [2][-]{subsection.4.3.2}{Measuring Component Thicknesses}{section.4.3}% 45
\BOOKMARK [2][-]{subsection.4.3.3}{Revisiting Central Solenoid Dimensions}{section.4.3}% 46
\BOOKMARK [1][-]{section.4.4}{Piecing Together the Generalized Current}{chapter.4}% 47
\BOOKMARK [1][-]{section.4.5}{Simplifying the Generalized Current}{chapter.4}% 48
\BOOKMARK [2][-]{subsection.4.5.1}{Recovering the Steady Current}{section.4.5}% 49
\BOOKMARK [2][-]{subsection.4.5.2}{Extracting the Pulsed Current}{section.4.5}% 50
\BOOKMARK [2][-]{subsection.4.5.3}{Rationalizing the Generalized Current}{section.4.5}% 51
\BOOKMARK [0][-]{chapter.5}{Completing the Systems Model}{}% 52
\BOOKMARK [1][-]{section.5.1}{Describing a Simple Algebra}{chapter.5}% 53
\BOOKMARK [1][-]{section.5.2}{Generalizing Previous Equations}{chapter.5}% 54
\BOOKMARK [2][-]{subsection.5.2.1}{Rehashing the Limits}{section.5.2}% 55
\BOOKMARK [2][-]{subsection.5.2.2}{Minimizing Derived Quantities}{section.5.2}% 56
\BOOKMARK [2][-]{subsection.5.2.3}{Pinning Floating Variables}{section.5.2}% 57
\BOOKMARK [1][-]{section.5.3}{Wrapping up the Logic}{chapter.5}% 58
\BOOKMARK [0][-]{chapter.6}{Presenting the Code Results}{}% 59
\BOOKMARK [1][-]{section.6.1}{Validating Code with other Models}{chapter.6}% 60
\BOOKMARK [2][-]{subsection.6.1.1}{Comparing with the PSFC Arc Reactor}{section.6.1}% 61
\BOOKMARK [2][-]{subsection.6.1.2}{Contrasting with the Aries Act Studies}{section.6.1}% 62
\BOOKMARK [2][-]{subsection.6.1.3}{Benchmarking with the Process DEMO Designs}{section.6.1}% 63
\BOOKMARK [1][-]{section.6.2}{Developing Prototype Reactors}{chapter.6}% 64
\BOOKMARK [2][-]{subsection.6.2.1}{Navigating around Charybdis}{section.6.2}% 65
\BOOKMARK [2][-]{subsection.6.2.2}{Pinning down Proteus}{section.6.2}% 66
\BOOKMARK [0][-]{appendix.A}{Plasma Profiles}{}% 67
\BOOKMARK [1][-]{section.A.1}{Density \205 n}{appendix.A}% 68
\BOOKMARK [1][-]{section.A.2}{Temperature \205 T}{appendix.A}% 69
\BOOKMARK [1][-]{section.A.3}{Pressure \205 p}{appendix.A}% 70
\BOOKMARK [1][-]{section.A.4}{Bootstrap Current \205 fBS}{appendix.A}% 71
\BOOKMARK [1][-]{section.A.5}{Reactivity \205 \(v\)}{appendix.A}% 72
\BOOKMARK [1][-]{section.A.6}{Volume Averaged Powers}{appendix.A}% 73
\BOOKMARK [0][-]{appendix.B}{Plot Bestiary}{}% 74
