This is pdfTeX, Version 3.14159265-2.6-1.40.18 (TeX Live 2017) (preloaded format=pdflatex 2017.5.23)  21 JUL 2018 16:12
entering extended mode
 restricted \write18 enabled.
 file:line:error style messages enabled.
 %&-line parsing enabled.
**main.tex
(./main.tex
LaTeX2e <2017-04-15>
Babel <3.10> and hyphenation patterns for 84 language(s) loaded.
(./mitthesis.cls
Document Class: mitthesis 1999/10/20
\vithesis=\count79
(/usr/local/texlive/2017/texmf-dist/tex/latex/base/report.cls
Document Class: report 2014/09/29 v1.4h Standard LaTeX document class
(/usr/local/texlive/2017/texmf-dist/tex/latex/base/size12.clo
File: size12.clo 2014/09/29 v1.4h Standard LaTeX file (size option)
)
\c@part=\count80
\c@chapter=\count81
\c@section=\count82
\c@subsection=\count83
\c@subsubsection=\count84
\c@paragraph=\count85
\c@subparagraph=\count86
\c@figure=\count87
\c@table=\count88
\abovecaptionskip=\skip41
\belowcaptionskip=\skip42
\bibindent=\dimen102
) (/usr/local/texlive/2017/texmf-dist/tex/latex/setspace/setspace.sty
Package: setspace 2011/12/19 v6.7a set line spacing
)
Thesis document copyright MIT unless otherwise (manually) specified
\@titlesupervisor=\box26
\@abstractsupervisor=\box27
\c@savepage=\count89
) (./lgrind.sty
Package: lgrind 1997/01/30 v3.4 LGrind environment and supporting stuff
\lc@unt=\count90
\ln@xt=\count91
\LGnuminterval=\count92
\LGindent=\skip43
\LGsloppy=\skip44
\procbox=\box28
\ls@far=\box29
\tb@x=\box30
\TBw@d=\dimen103
\@ts=\dimen104
) (/usr/local/texlive/2017/texmf-dist/tex/latex/cmap/cmap.sty
Package: cmap 2008/03/06 v1.0h CMap support: searchable PDF
) (/usr/local/texlive/2017/texmf-dist/tex/latex/base/fontenc.sty
Package: fontenc 2017/04/05 v2.0i Standard LaTeX package
 (/usr/local/texlive/2017/texmf-dist/tex/latex/base/t1enc.def
File: t1enc.def 2017/04/05 v2.0i Standard LaTeX file
LaTeX Font Info:    Redeclaring font encoding T1 on input line 48.
)<<t1.cmap>>) (/usr/local/texlive/2017/texmf-dist/tex/latex/cleveref/cleveref.sty
Package: cleveref 2013/12/28 v0.19 Intelligent cross-referencing
) (/usr/local/texlive/2017/texmf-dist/tex/latex/amsmath/amsmath.sty
Package: amsmath 2016/11/05 v2.16a AMS math features
\@mathmargin=\skip45

For additional information on amsmath, use the `?' option.
(/usr/local/texlive/2017/texmf-dist/tex/latex/amsmath/amstext.sty
Package: amstext 2000/06/29 v2.01 AMS text
 (/usr/local/texlive/2017/texmf-dist/tex/latex/amsmath/amsgen.sty
File: amsgen.sty 1999/11/30 v2.0 generic functions
\@emptytoks=\toks14
\ex@=\dimen105
)) (/usr/local/texlive/2017/texmf-dist/tex/latex/amsmath/amsbsy.sty
Package: amsbsy 1999/11/29 v1.2d Bold Symbols
\pmbraise@=\dimen106
) (/usr/local/texlive/2017/texmf-dist/tex/latex/amsmath/amsopn.sty
Package: amsopn 2016/03/08 v2.02 operator names
)
\inf@bad=\count93
LaTeX Info: Redefining \frac on input line 213.
\uproot@=\count94
\leftroot@=\count95
LaTeX Info: Redefining \overline on input line 375.
\classnum@=\count96
\DOTSCASE@=\count97
LaTeX Info: Redefining \ldots on input line 472.
LaTeX Info: Redefining \dots on input line 475.
LaTeX Info: Redefining \cdots on input line 596.
\Mathstrutbox@=\box31
\strutbox@=\box32
\big@size=\dimen107
LaTeX Font Info:    Redeclaring font encoding OML on input line 712.
LaTeX Font Info:    Redeclaring font encoding OMS on input line 713.
\macc@depth=\count98
\c@MaxMatrixCols=\count99
\dotsspace@=\muskip10
\c@parentequation=\count100
\dspbrk@lvl=\count101
\tag@help=\toks15
\row@=\count102
\column@=\count103
\maxfields@=\count104
\andhelp@=\toks16
\eqnshift@=\dimen108
\alignsep@=\dimen109
\tagshift@=\dimen110
\tagwidth@=\dimen111
\totwidth@=\dimen112
\lineht@=\dimen113
\@envbody=\toks17
\multlinegap=\skip46
\multlinetaggap=\skip47
\mathdisplay@stack=\toks18
LaTeX Info: Redefining \[ on input line 2817.
LaTeX Info: Redefining \] on input line 2818.
) (/usr/local/texlive/2017/texmf-dist/tex/latex/amsfonts/amssymb.sty
Package: amssymb 2013/01/14 v3.01 AMS font symbols
 (/usr/local/texlive/2017/texmf-dist/tex/latex/amsfonts/amsfonts.sty
Package: amsfonts 2013/01/14 v3.01 Basic AMSFonts support
\symAMSa=\mathgroup4
\symAMSb=\mathgroup5
LaTeX Font Info:    Overwriting math alphabet `\mathfrak' in version `bold'
(Font)                  U/euf/m/n --> U/euf/b/n on input line 106.
)) (/usr/local/texlive/2017/texmf-dist/tex/latex/hyperref/hyperref.sty
Package: hyperref 2017/03/14 v6.85a Hypertext links for LaTeX
 (/usr/local/texlive/2017/texmf-dist/tex/generic/oberdiek/hobsub-hyperref.sty
Package: hobsub-hyperref 2016/05/16 v1.14 Bundle oberdiek, subset hyperref (HO)
 (/usr/local/texlive/2017/texmf-dist/tex/generic/oberdiek/hobsub-generic.sty
Package: hobsub-generic 2016/05/16 v1.14 Bundle oberdiek, subset generic (HO)
Package: hobsub 2016/05/16 v1.14 Construct package bundles (HO)
Package: infwarerr 2016/05/16 v1.4 Providing info/warning/error messages (HO)
Package: ltxcmds 2016/05/16 v1.23 LaTeX kernel commands for general use (HO)
Package: ifluatex 2016/05/16 v1.4 Provides the ifluatex switch (HO)
Package ifluatex Info: LuaTeX not detected.
Package: ifvtex 2016/05/16 v1.6 Detect VTeX and its facilities (HO)
Package ifvtex Info: VTeX not detected.
Package: intcalc 2016/05/16 v1.2 Expandable calculations with integers (HO)
Package: ifpdf 2017/03/15 v3.2 Provides the ifpdf switch
Package: etexcmds 2016/05/16 v1.6 Avoid name clashes with e-TeX commands (HO)
Package etexcmds Info: Could not find \expanded.
(etexcmds)             That can mean that you are not using pdfTeX 1.50 or
(etexcmds)             that some package has redefined \expanded.
(etexcmds)             In the latter case, load this package earlier.
Package: kvsetkeys 2016/05/16 v1.17 Key value parser (HO)
Package: kvdefinekeys 2016/05/16 v1.4 Define keys (HO)
Package: pdftexcmds 2017/03/19 v0.25 Utility functions of pdfTeX for LuaTeX (HO)
Package pdftexcmds Info: LuaTeX not detected.
Package pdftexcmds Info: \pdf@primitive is available.
Package pdftexcmds Info: \pdf@ifprimitive is available.
Package pdftexcmds Info: \pdfdraftmode found.
Package: pdfescape 2016/05/16 v1.14 Implements pdfTeX's escape features (HO)
Package: bigintcalc 2016/05/16 v1.4 Expandable calculations on big integers (HO)
Package: bitset 2016/05/16 v1.2 Handle bit-vector datatype (HO)
Package: uniquecounter 2016/05/16 v1.3 Provide unlimited unique counter (HO)
)
Package hobsub Info: Skipping package `hobsub' (already loaded).
Package: letltxmacro 2016/05/16 v1.5 Let assignment for LaTeX macros (HO)
Package: hopatch 2016/05/16 v1.3 Wrapper for package hooks (HO)
Package: xcolor-patch 2016/05/16 xcolor patch
Package: atveryend 2016/05/16 v1.9 Hooks at the very end of document (HO)
Package atveryend Info: \enddocument detected (standard20110627).
Package: atbegshi 2016/06/09 v1.18 At begin shipout hook (HO)
Package: refcount 2016/05/16 v3.5 Data extraction from label references (HO)
Package: hycolor 2016/05/16 v1.8 Color options for hyperref/bookmark (HO)
) (/usr/local/texlive/2017/texmf-dist/tex/latex/graphics/keyval.sty
Package: keyval 2014/10/28 v1.15 key=value parser (DPC)
\KV@toks@=\toks19
) (/usr/local/texlive/2017/texmf-dist/tex/generic/ifxetex/ifxetex.sty
Package: ifxetex 2010/09/12 v0.6 Provides ifxetex conditional
) (/usr/local/texlive/2017/texmf-dist/tex/latex/oberdiek/auxhook.sty
Package: auxhook 2016/05/16 v1.4 Hooks for auxiliary files (HO)
) (/usr/local/texlive/2017/texmf-dist/tex/latex/oberdiek/kvoptions.sty
Package: kvoptions 2016/05/16 v3.12 Key value format for package options (HO)
)
\@linkdim=\dimen114
\Hy@linkcounter=\count105
\Hy@pagecounter=\count106
 (/usr/local/texlive/2017/texmf-dist/tex/latex/hyperref/pd1enc.def
File: pd1enc.def 2017/03/14 v6.85a Hyperref: PDFDocEncoding definition (HO)
)
\Hy@SavedSpaceFactor=\count107
 (/usr/local/texlive/2017/texmf-dist/tex/latex/latexconfig/hyperref.cfg
File: hyperref.cfg 2002/06/06 v1.2 hyperref configuration of TeXLive
)
Package hyperref Info: Hyper figures OFF on input line 4498.
Package hyperref Info: Link nesting OFF on input line 4503.
Package hyperref Info: Hyper index ON on input line 4506.
Package hyperref Info: Plain pages OFF on input line 4513.
Package hyperref Info: Backreferencing OFF on input line 4518.
Package hyperref Info: Implicit mode ON; LaTeX internals redefined.
Package hyperref Info: Bookmarks ON on input line 4751.
\c@Hy@tempcnt=\count108
 (/usr/local/texlive/2017/texmf-dist/tex/latex/url/url.sty
\Urlmuskip=\muskip11
Package: url 2013/09/16  ver 3.4  Verb mode for urls, etc.
)
LaTeX Info: Redefining \url on input line 5104.
\XeTeXLinkMargin=\dimen115
\Fld@menulength=\count109
\Field@Width=\dimen116
\Fld@charsize=\dimen117
Package hyperref Info: Hyper figures OFF on input line 6358.
Package hyperref Info: Link nesting OFF on input line 6363.
Package hyperref Info: Hyper index ON on input line 6366.
Package hyperref Info: backreferencing OFF on input line 6373.
Package hyperref Info: Link coloring OFF on input line 6378.
Package hyperref Info: Link coloring with OCG OFF on input line 6383.
Package hyperref Info: PDF/A mode OFF on input line 6388.
LaTeX Info: Redefining \ref on input line 6428.
LaTeX Info: Redefining \pageref on input line 6432.
\Hy@abspage=\count110
\c@Item=\count111
\c@Hfootnote=\count112
)

Package hyperref Message: Driver (autodetected): hpdftex.

(/usr/local/texlive/2017/texmf-dist/tex/latex/hyperref/hpdftex.def
File: hpdftex.def 2017/03/14 v6.85a Hyperref driver for pdfTeX
\Fld@listcount=\count113
\c@bookmark@seq@number=\count114
 (/usr/local/texlive/2017/texmf-dist/tex/latex/oberdiek/rerunfilecheck.sty
Package: rerunfilecheck 2016/05/16 v1.8 Rerun checks for auxiliary files (HO)
Package uniquecounter Info: New unique counter `rerunfilecheck' on input line 282.
)
\Hy@SectionHShift=\skip48
) (/Users/dan/Desktop/tokamaks/.texpadtmp/main.aux (/Users/dan/Desktop/tokamaks/.texpadtmp/cover.aux) (/Users/dan/Desktop/tokamaks/.texpadtmp/contents.aux) (/Users/dan/Desktop/tokamaks/.texpadtmp/intro.aux) (/Users/dan/Desktop/tokamaks/.texpadtmp/steady.aux) (/Users/dan/Desktop/tokamaks/.texpadtmp/model.aux) (/Users/dan/Desktop/tokamaks/.texpadtmp/pulsed.aux) (/Users/dan/Desktop/tokamaks/.texpadtmp/biblio.aux))
\openout1 = `main.aux'.

LaTeX Font Info:    Checking defaults for OML/cmm/m/it on input line 25.
LaTeX Font Info:    ... okay on input line 25.
LaTeX Font Info:    Checking defaults for T1/cmr/m/n on input line 25.
LaTeX Font Info:    ... okay on input line 25.
LaTeX Font Info:    Checking defaults for OT1/cmr/m/n on input line 25.
LaTeX Font Info:    ... okay on input line 25.
LaTeX Font Info:    Checking defaults for OMS/cmsy/m/n on input line 25.
LaTeX Font Info:    ... okay on input line 25.
LaTeX Font Info:    Checking defaults for OMX/cmex/m/n on input line 25.
LaTeX Font Info:    ... okay on input line 25.
LaTeX Font Info:    Checking defaults for U/cmr/m/n on input line 25.
LaTeX Font Info:    ... okay on input line 25.
LaTeX Font Info:    Checking defaults for PD1/pdf/m/n on input line 25.
LaTeX Font Info:    ... okay on input line 25.
\AtBeginShipoutBox=\box33
Package hyperref Info: Link coloring OFF on input line 25.
 (/usr/local/texlive/2017/texmf-dist/tex/latex/hyperref/nameref.sty
Package: nameref 2016/05/21 v2.44 Cross-referencing by name of section
 (/usr/local/texlive/2017/texmf-dist/tex/generic/oberdiek/gettitlestring.sty
Package: gettitlestring 2016/05/16 v1.5 Cleanup title references (HO)
)
\c@section@level=\count115
)
LaTeX Info: Redefining \ref on input line 25.
LaTeX Info: Redefining \pageref on input line 25.
LaTeX Info: Redefining \nameref on input line 25.
 (/Users/dan/Desktop/tokamaks/.texpadtmp/main.out) (/Users/dan/Desktop/tokamaks/.texpadtmp/main.out)
\@outlinefile=\write3
\openout3 = `main.out'.

\openout2 = `cover.aux'.

 (./cover.tex
LaTeX Font Info:    Try loading font information for OMS+cmr on input line 92.
 (/usr/local/texlive/2017/texmf-dist/tex/latex/base/omscmr.fd
File: omscmr.fd 2014/09/29 v2.5h Standard LaTeX font definitions
)
LaTeX Font Info:    Font shape `OMS/cmr/m/n' in size <14.4> not available
(Font)              Font shape `OMS/cmsy/m/n' tried instead on input line 92.
<<oms.cmap>> [1



{/usr/local/texlive/2017/texmf-var/fonts/map/pdftex/updmap/pdftex.map}] [2

] (./abstract.tex) [3

] [4

])
\openout2 = `contents.aux'.

 (./contents.tex (/Users/dan/Desktop/tokamaks/.texpadtmp/main.toc<<ot1.cmap>><<oml.cmap>><<omx.cmap>>
LaTeX Font Info:    Try loading font information for U+msa on input line 2.
 (/usr/local/texlive/2017/texmf-dist/tex/latex/amsfonts/umsa.fd
File: umsa.fd 2013/01/14 v3.01 AMS symbols A
)
LaTeX Font Info:    Try loading font information for U+msb on input line 2.
 (/usr/local/texlive/2017/texmf-dist/tex/latex/amsfonts/umsb.fd
File: umsb.fd 2013/01/14 v3.01 AMS symbols B
)
Underfull \vbox (badness 3417) has occurred while \output is active []

 [5



]
Underfull \vbox (badness 3009) has occurred while \output is active []

 [6])
\tf@toc=\write4
\openout4 = `main.toc'.

 [7] [8

] (/Users/dan/Desktop/tokamaks/.texpadtmp/main.lof)
\tf@lof=\write5
\openout5 = `main.lof'.

 [9] [10

] (/Users/dan/Desktop/tokamaks/.texpadtmp/main.lot)
\tf@lot=\write6
\openout6 = `main.lot'.

) [11]
\openout2 = `intro.aux'.

 (./intro.tex [12



]
Chapter 1.
[13]
Underfull \vbox (badness 10000) has occurred while \output is active []

 [14] [15]
Underfull \vbox (badness 5417) has occurred while \output is active []

 [16]
Underfull \vbox (badness 10000) has occurred while \output is active []

 [17]) [18]
\openout2 = `steady.aux'.

 (./steady.tex
Chapter 2.
[19



] [20] [21]
Underfull \vbox (badness 2707) has occurred while \output is active []

 [22]pdfTeX warning (ext4): destination with the same identifier (name{equation.2.2.7}) has been already used, duplicate ignored
<to be read again> 
                   \relax 
l.109 \begin{equation}
                      pdfTeX warning (ext4): destination with the same identifier (name{equation.2.2.7}) has been already used, duplicate ignored
<to be read again> 
                   \relax 
l.109 \begin{equation}
                      pdfTeX warning (ext4): destination with the same identifier (name{equation.2.2.7}) has been already used, duplicate ignored
<to be read again> 
                   \relax 
l.109 \begin{equation}
                      pdfTeX warning (ext4): destination with the same identifier (name{equation.2.2.7}) has been already used, duplicate ignored
<to be read again> 
                   \relax 
l.109 \begin{equation}
                      
Underfull \vbox (badness 6658) has occurred while \output is active []

 [23]
Underfull \vbox (badness 1286) has occurred while \output is active []

 [24pdfTeX warning (ext4): destination with the same identifier (name{equation.2.2.8}) has been already used, duplicate ignored

\AtBegShi@Output ...ipout \box \AtBeginShipoutBox 
                                                  \fi \fi 
l.153 
      ]
Underfull \vbox (badness 10000) has occurred while \output is active []

 [25]
Underfull \vbox (badness 10000) has occurred while \output is active []

 [26]

Package amsfonts Warning: Obsolete command \bold; \mathbf should be used instead on input line 221.


Underfull \vbox (badness 10000) has occurred while \output is active []

 [27]
Underfull \vbox (badness 10000) has occurred while \output is active []

 [28] [29]
Underfull \vbox (badness 10000) has occurred while \output is active []

 [30pdfTeX warning (ext4): destination with the same identifier (name{equation.2.2.34}) has been already used, duplicate ignored

\AtBegShi@Output ...ipout \box \AtBeginShipoutBox 
                                                  \fi \fi 
l.327 
      pdfTeX warning (ext4): destination with the same identifier (name{equation.2.2.34}) has been already used, duplicate ignored

\AtBegShi@Output ...ipout \box \AtBeginShipoutBox 
                                                  \fi \fi 
l.327 
      ]
Underfull \vbox (badness 10000) has occurred while \output is active []

 [31pdfTeX warning (ext4): destination with the same identifier (name{equation.2.2.36}) has been already used, duplicate ignored

\AtBegShi@Output ...ipout \box \AtBeginShipoutBox 
                                                  \fi \fi 
l.358 
      pdfTeX warning (ext4): destination with the same identifier (name{equation.2.2.36}) has been already used, duplicate ignored

\AtBegShi@Output ...ipout \box \AtBeginShipoutBox 
                                                  \fi \fi 
l.358 
      pdfTeX warning (ext4): destination with the same identifier (name{equation.2.2.36}) has been already used, duplicate ignored

\AtBegShi@Output ...ipout \box \AtBeginShipoutBox 
                                                  \fi \fi 
l.358 
      ]) [32]
\openout2 = `model.aux'.

 (./model.tex
Chapter 3.

Underfull \vbox (badness 2334) has occurred while \output is active []

 [33



]
Underfull \vbox (badness 2913) has occurred while \output is active []

 [34] [35] [36]
Underfull \vbox (badness 1728) has occurred while \output is active []

 [37]
Overfull \hbox (6.89752pt too wide) in paragraph at lines 143--144
\T1/cmr/m/n/12 some power has to al-ways be re-served to re-coup from its losses -- mea-sured in megawatts.
 []

[38]
Underfull \vbox (badness 10000) has occurred while \output is active []

 [39]
Underfull \vbox (badness 10000) has occurred while \output is active []

 [40]
Underfull \vbox (badness 10000) has occurred while \output is active []

 [41]
Underfull \vbox (badness 10000) has occurred while \output is active []

 [42pdfTeX warning (ext4): destination with the same identifier (name{equation.3.3.23}) has been already used, duplicate ignored

\AtBegShi@Output ...ipout \box \AtBeginShipoutBox 
                                                  \fi \fi 
l.261 \end{equation}
                    pdfTeX warning (ext4): destination with the same identifier (name{equation.3.3.23}) has been already used, duplicate ignored

\AtBegShi@Output ...ipout \box \AtBeginShipoutBox 
                                                  \fi \fi 
l.261 \end{equation}
                    pdfTeX warning (ext4): destination with the same identifier (name{equation.3.3.23}) has been already used, duplicate ignored

\AtBegShi@Output ...ipout \box \AtBeginShipoutBox 
                                                  \fi \fi 
l.261 \end{equation}
                    pdfTeX warning (ext4): destination with the same identifier (name{equation.3.3.23}) has been already used, duplicate ignored

\AtBegShi@Output ...ipout \box \AtBeginShipoutBox 
                                                  \fi \fi 
l.261 \end{equation}
                    ] [43]pdfTeX warning (ext4): destination with the same identifier (name{equation.3.3.28}) has been already used, duplicate ignored
<to be read again> 
                   \relax 
l.290 \begin{equation}
                      pdfTeX warning (ext4): destination with the same identifier (name{equation.3.3.28}) has been already used, duplicate ignored
<to be read again> 
                   \relax 
l.290 \begin{equation}
                      pdfTeX warning (ext4): destination with the same identifier (name{equation.3.3.28}) has been already used, duplicate ignored
<to be read again> 
                   \relax 
l.290 \begin{equation}
                      pdfTeX warning (ext4): destination with the same identifier (name{equation.3.3.28}) has been already used, duplicate ignored
<to be read again> 
                   \relax 
l.290 \begin{equation}
                      
Underfull \vbox (badness 10000) has occurred while \output is active []

 [44]
Underfull \vbox (badness 10000) has occurred while \output is active []

 [45]
Underfull \vbox (badness 3872) has occurred while \output is active []

 [46]
Underfull \vbox (badness 1527) has occurred while \output is active []

 [47] [48]
Underfull \vbox (badness 10000) has occurred while \output is active []

 [49] [50]
Underfull \vbox (badness 10000) has occurred while \output is active []

 [51]
Underfull \vbox (badness 10000) has occurred while \output is active []

 [52pdfTeX warning (ext4): destination with the same identifier (name{equation.3.5.60}) has been already used, duplicate ignored

\AtBegShi@Output ...ipout \box \AtBeginShipoutBox 
                                                  \fi \fi 
l.527 \end{equation}
                    ]) [53pdfTeX warning (ext4): destination with the same identifier (name{equation.3.5.60}) has been already used, duplicate ignored

\AtBegShi@Output ...ipout \box \AtBeginShipoutBox 
                                                  \fi \fi 
l.33 \include{model}
                    ]
\openout2 = `pulsed.aux'.

 (./pulsed.tex [54



]
Chapter 4.
[55]
Underfull \vbox (badness 3482) has occurred while \output is active []

 [56]
Underfull \vbox (badness 1122) has occurred while \output is active []

 [57]

LaTeX Warning: Reference `eq:circ2' on page 1 undefined on input line 77.


LaTeX Warning: Reference `eq:circ1' on page 1 undefined on input line 77.

[58] [59] [60]

LaTeX Warning: Reference `eq:tauft' on page 1 undefined on input line 179.

[61]
Underfull \vbox (badness 4266) has occurred while \output is active []

 [62]
Underfull \vbox (badness 6204) has occurred while \output is active []

 [63]
Underfull \vbox (badness 1990) has occurred while \output is active []

 [64] [65pdfTeX warning (ext4): destination with the same identifier (name{equation.4.2.36}) has been already used, duplicate ignored

\AtBegShi@Output ...ipout \box \AtBeginShipoutBox 
                                                  \fi \fi 
l.305 
      ]

LaTeX Warning: Reference `eq:duty' on page 1 undefined on input line 310.


Underfull \vbox (badness 10000) has occurred while \output is active []

 [66]
Underfull \vbox (badness 10000) has occurred while \output is active []

 [67] [68pdfTeX warning (ext4): destination with the same identifier (name{equation.4.2.50}) has been already used, duplicate ignored

\AtBegShi@Output ...ipout \box \AtBeginShipoutBox 
                                                  \fi \fi 
l.403 
      ]
Underfull \vbox (badness 1859) has occurred while \output is active []

 [69] [70] [71]
Underfull \vbox (badness 2302) has occurred while \output is active []

 [72pdfTeX warning (ext4): destination with the same identifier (name{equation.4.3.62}) has been already used, duplicate ignored

\AtBegShi@Output ...ipout \box \AtBeginShipoutBox 
                                                  \fi \fi 
l.523 \end{equation}
                    ]) [73pdfTeX warning (ext4): destination with the same identifier (name{equation.4.3.62}) has been already used, duplicate ignored

\AtBegShi@Output ...ipout \box \AtBeginShipoutBox 
                                                  \fi \fi 
l.34 \include{pulsed}
                     ]
\openout2 = `biblio.aux'.

 (./biblio.tex (/Users/dan/Desktop/tokamaks/.texpadtmp/main.bbl [74



]

LaTeX Warning: Empty `thebibliography' environment on input line 5.

)) [75]
Package atveryend Info: Empty hook `BeforeClearDocument' on input line 46.
Package atveryend Info: Empty hook `AfterLastShipout' on input line 46.
 (/Users/dan/Desktop/tokamaks/.texpadtmp/main.aux (/Users/dan/Desktop/tokamaks/.texpadtmp/cover.aux) (/Users/dan/Desktop/tokamaks/.texpadtmp/contents.aux) (/Users/dan/Desktop/tokamaks/.texpadtmp/intro.aux) (/Users/dan/Desktop/tokamaks/.texpadtmp/steady.aux) (/Users/dan/Desktop/tokamaks/.texpadtmp/model.aux) (/Users/dan/Desktop/tokamaks/.texpadtmp/pulsed.aux) (/Users/dan/Desktop/tokamaks/.texpadtmp/biblio.aux))
Package atveryend Info: Executing hook `AtVeryEndDocument' on input line 46.
Package atveryend Info: Executing hook `AtEndAfterFileList' on input line 46.
Package rerunfilecheck Info: File `main.out' has not changed.
(rerunfilecheck)             Checksum: <no file>.


LaTeX Warning: There were undefined references.

Package atveryend Info: Empty hook `AtVeryVeryEnd' on input line 46.
 ) 
Here is how much of TeX's memory you used:
 7550 strings out of 492995
 119141 string characters out of 6132704
 212355 words of memory out of 5000000
 10592 multiletter control sequences out of 15000+600000
 22784 words of font info for 61 fonts, out of 8000000 for 9000
 1141 hyphenation exceptions out of 8191
 28i,10n,30p,836b,376s stack positions out of 5000i,500n,10000p,200000b,80000s
{/usr/local/texlive/2017/texmf-dist/fonts/enc/dvips/cm-super/cm-super-t1.enc}</usr/local/texlive/2017/texmf-dist/fonts/type1/public/amsfonts/cm/cmbx12.pfb></usr/local/texlive/2017/texmf-dist/fonts/type1/public/amsfonts/cm/cmex10.pfb></usr/local/texlive/2017/texmf-dist/fonts/type1/public/amsfonts/cm/cmmi10.pfb></usr/local/texlive/2017/texmf-dist/fonts/type1/public/amsfonts/cm/cmmi12.pfb></usr/local/texlive/2017/texmf-dist/fonts/type1/public/amsfonts/cm/cmmi6.pfb></usr/local/texlive/2017/texmf-dist/fonts/type1/public/amsfonts/cm/cmmi7.pfb></usr/local/texlive/2017/texmf-dist/fonts/type1/public/amsfonts/cm/cmmi8.pfb></usr/local/texlive/2017/texmf-dist/fonts/type1/public/amsfonts/cm/cmr10.pfb></usr/local/texlive/2017/texmf-dist/fonts/type1/public/amsfonts/cm/cmr12.pfb></usr/local/texlive/2017/texmf-dist/fonts/type1/public/amsfonts/cm/cmr6.pfb></usr/local/texlive/2017/texmf-dist/fonts/type1/public/amsfonts/cm/cmr7.pfb></usr/local/texlive/2017/texmf-dist/fonts/type1/public/amsfonts/cm/cmr8.pfb></usr/local/texlive/2017/texmf-dist/fonts/type1/public/amsfonts/cm/cmsy10.pfb></usr/local/texlive/2017/texmf-dist/fonts/type1/public/amsfonts/cm/cmsy6.pfb></usr/local/texlive/2017/texmf-dist/fonts/type1/public/amsfonts/cm/cmsy8.pfb></usr/local/texlive/2017/texmf-dist/fonts/type1/public/amsfonts/symbols/msam10.pfb></usr/local/texlive/2017/texmf-dist/fonts/type1/public/cm-super/sfbx1200.pfb></usr/local/texlive/2017/texmf-dist/fonts/type1/public/cm-super/sfbx1440.pfb></usr/local/texlive/2017/texmf-dist/fonts/type1/public/cm-super/sfbx1728.pfb></usr/local/texlive/2017/texmf-dist/fonts/type1/public/cm-super/sfbx2488.pfb></usr/local/texlive/2017/texmf-dist/fonts/type1/public/cm-super/sfrm0700.pfb></usr/local/texlive/2017/texmf-dist/fonts/type1/public/cm-super/sfrm0800.pfb></usr/local/texlive/2017/texmf-dist/fonts/type1/public/cm-super/sfrm1000.pfb></usr/local/texlive/2017/texmf-dist/fonts/type1/public/cm-super/sfrm1200.pfb></usr/local/texlive/2017/texmf-dist/fonts/type1/public/cm-super/sfrm1440.pfb></usr/local/texlive/2017/texmf-dist/
fonts/type1/public/cm-super/sfrm1728.pfb></usr/local/texlive/2017/texmf-dist/fonts/type1/public/cm-super/sfti1200.pfb>
Output written on /Users/dan/Desktop/tokamaks/.texpadtmp/main.pdf (75 pages, 490222 bytes).
PDF statistics:
 993 PDF objects out of 1000 (max. 8388607)
 867 compressed objects within 9 object streams
 337 named destinations out of 1000 (max. 500000)
 365 words of extra memory for PDF output out of 10000 (max. 10000000)

