\BOOKMARK [0][-]{chapter.1}{Introducing Fusion Reactors}{}% 1
\BOOKMARK [1][-]{section.1.1}{Treating Fusion as a Science}{chapter.1}% 2
\BOOKMARK [1][-]{section.1.2}{Treating Fusion as a Business}{chapter.1}% 3
\BOOKMARK [1][-]{section.1.3}{Pricing a Fusion Reactor}{chapter.1}% 4
\BOOKMARK [0][-]{chapter.2}{Designing a Steady-State Tokamak}{}% 5
\BOOKMARK [1][-]{section.2.1}{Defining Plasma Parameters}{chapter.2}% 6
\BOOKMARK [2][-]{subsection.2.1.1}{Understanding Tokamak Geometry}{section.2.1}% 7
\BOOKMARK [2][-]{subsection.2.1.2}{Prescribing Plasma Profiles}{section.2.1}% 8
\BOOKMARK [1][-]{section.2.2}{Solving the Steady Current}{chapter.2}% 9
\BOOKMARK [2][-]{subsection.2.2.1}{Enforcing the Greenwald Density Limit}{section.2.2}% 10
\BOOKMARK [2][-]{subsection.2.2.2}{Declaring the Bootstrap Current}{section.2.2}% 11
\BOOKMARK [2][-]{subsection.2.2.3}{Deriving the Fusion Power}{section.2.2}% 12
\BOOKMARK [2][-]{subsection.2.2.4}{Using Current Drive}{section.2.2}% 13
\BOOKMARK [2][-]{subsection.2.2.5}{Completing the Steady Current}{section.2.2}% 14
\BOOKMARK [1][-]{section.2.3}{Handling Current Drive Self-Consistently}{chapter.2}% 15
\BOOKMARK [0][-]{chapter.3}{Formalizing the Fusion Systems Model}{}% 16
\BOOKMARK [1][-]{section.3.1}{Explaining Fixed Variables}{chapter.3}% 17
\BOOKMARK [1][-]{section.3.2}{Connecting Floating Variables}{chapter.3}% 18
\BOOKMARK [1][-]{section.3.3}{Enforcing Power Balance}{chapter.3}% 19
\BOOKMARK [2][-]{subsection.3.3.1}{Collecting Power Sources}{section.3.3}% 20
\BOOKMARK [2][-]{subsection.3.3.2}{Approximating Radiation Losses}{section.3.3}% 21
\BOOKMARK [2][-]{subsection.3.3.3}{Estimating Heat Conduction Losses}{section.3.3}% 22
\BOOKMARK [2][-]{subsection.3.3.4}{Writing the Lawson Criterion}{section.3.3}% 23
\BOOKMARK [2][-]{subsection.3.3.5}{Finalizing the Primary Constraint}{section.3.3}% 24
\BOOKMARK [1][-]{section.3.4}{Collecting Secondary Constraints}{chapter.3}% 25
\BOOKMARK [2][-]{subsection.3.4.1}{Introducing the Beta Limit}{section.3.4}% 26
\BOOKMARK [2][-]{subsection.3.4.2}{Giving the Kink Safety Factor}{section.3.4}% 27
\BOOKMARK [2][-]{subsection.3.4.3}{Working under the Wall Loading Limit}{section.3.4}% 28
\BOOKMARK [2][-]{subsection.3.4.4}{Setting a Maximum Power Cap}{section.3.4}% 29
\BOOKMARK [2][-]{subsection.3.4.5}{Listing the Heat Loading Limit}{section.3.4}% 30
\BOOKMARK [1][-]{section.3.5}{Summarizing the Fusion Systems Model}{chapter.3}% 31
\BOOKMARK [0][-]{chapter.4}{Designing a Pulsed Tokamak}{}% 32
\BOOKMARK [1][-]{section.4.1}{Modeling Plasmas as Circuits}{chapter.4}% 33
\BOOKMARK [2][-]{subsection.4.1.1}{Drawing the Circuit Diagram}{section.4.1}% 34
\BOOKMARK [2][-]{subsection.4.1.2}{Plotting Pulse Profiles}{section.4.1}% 35
\BOOKMARK [2][-]{subsection.4.1.3}{Specifying Circuit Variables}{section.4.1}% 36
\BOOKMARK [1][-]{section.4.2}{Salvaging Flux Balance}{chapter.4}% 37
\BOOKMARK [2][-]{subsection.4.2.1}{Rearranging the Circuit Equation}{section.4.2}% 38
\BOOKMARK [2][-]{subsection.4.2.2}{Importing Poloidal Field Coils}{section.4.2}% 39
\BOOKMARK [1][-]{section.4.3}{Improving Tokamak Geometry}{chapter.4}% 40
\BOOKMARK [2][-]{subsection.4.3.1}{Defining Central Solenoid Dimensions}{section.4.3}% 41
\BOOKMARK [2][-]{subsection.4.3.2}{Measuring Component Thicknesses}{section.4.3}% 42
\BOOKMARK [2][-]{subsection.4.3.3}{Revisiting Central Solenoid Dimensions}{section.4.3}% 43
